
[38;5;250m███████╗██╗  ██╗██╗██╗     ██╗     ███████╗[0m
[38;5;248m██╔════╝██║ ██╔╝██║██║     ██║     ██╔════╝[0m
[38;5;245m███████╗█████╔╝ ██║██║     ██║     ███████╗[0m
[38;5;243m╚════██║██╔═██╗ ██║██║     ██║     ╚════██║[0m
[38;5;240m███████║██║  ██╗██║███████╗███████╗███████║[0m
[38;5;238m╚══════╝╚═╝  ╚═╝╚═╝╚══════╝╚══════╝╚══════╝[0m

[90m┌[39m  [46m[30m skills [39m[49m
[?25l[90m│[39m
[32m◇[39m  Source: https://github.com/supabase/agent-skills.git
[?25h[?25l[90m│[39m
[35m◒[39m  Cloning repository[999D[J[35m◐[39m  Cloning repository[999D[J[35m◓[39m  Cloning repository[999D[J[35m◑[39m  Cloning repository[999D[J[35m◒[39m  Cloning repository[999D[J[35m◐[39m  Cloning repository[999D[J[35m◓[39m  Cloning repository[999D[J[35m◑[39m  Cloning repository[999D[J[35m◒[39m  Cloning repository.[999D[J[35m◐[39m  Cloning repository.[999D[J[35m◓[39m  Cloning repository.[999D[J[35m◑[39m  Cloning repository.[999D[J[35m◒[39m  Cloning repository.[999D[J[35m◐[39m  Cloning repository.[999D[J[35m◓[39m  Cloning repository.[999D[J[35m◑[39m  Cloning repository.[999D[J[35m◒[39m  Cloning repository..[999D[J[35m◐[39m  Cloning repository..[999D[J[35m◓[39m  Cloning repository..[999D[J[35m◑[39m  Cloning repository..[999D[J[35m◒[39m  Cloning repository..[999D[J[35m◐[39m  Cloning repository..[999D[J[35m◓[39m  Cloning repository..[999D[J[35m◑[39m  Cloning repository..[999D[J[35m◒[39m  Cloning repository...[999D[J[35m◐[39m  Cloning repository...[999D[J[35m◓[39m  Cloning repository...[999D[J[35m◑[39m  Cloning repository...[999D[J[35m◒[39m  Cloning repository...[999D[J[32m◇[39m  Repository cloned
[?25h[?25l[90m│[39m
[999D[J[35m◒[39m  Discovering skills[999D[J[32m◇[39m  Found [32m2[39m skills
[?25h[?25l[90m│[39m
[36m◆[39m  Select skills to install [2m(space to toggle)[22m
[36m│[39m  [2m[22m[36m◻[39m Postgres Best Practices
[36m│[39m  └ [36m◻[39m [2msupabase-postgres-best-practices[22m
[36m│[39m  [2m[22m[2m◻[22m [2mSupabase[22m
[36m│[39m  [2m└ [22m[2m◻[22m [2msupabase[22m
[36m└[39m
[999D[7A[1B[J[31m■[39m  Select skills to install [2m(space to toggle)[22m
[90m│[39m
[?25h[90m└[39m  [31mInstallation cancelled[39m

